Apr 11, 2017 12:01:20 PM client.SimpleLogger log
INFO: getProfileByUuid:
	#:   100
	min: 258
	max: 5.139
	avg: 445
getProfilesByThirdPartyID:
	#:   100
	min: 5.492
	max: 64.471
	avg: 7.602
getProfilesByRange:
	#:   100
	min: 18.702
	max: 96.890
	avg: 23.182
getProfilesByMultiRange:
	#:   0
	min: not available
	max: not available
	avg: not available
insertProfile:
	#:   100.000
	min: 370
	max: 30.903.029
	avg: 8.796
updateProfile:
	#:   100
	min: 9.218
	max: 92.437
	avg: 13.417
getSchema:
	#:   100
	min: 91
	max: 3.183
	avg: 159
addSchema:
	#:   100
	min: 397.841.645
	max: 585.173.926
	avg: 474.795.161
